<?xml version="1.0" encoding="UTF-8"?>
<!-- Generated by org.testng.reporters.JUnitReportReporter -->
<testsuite hostname="Desktop-Gaston" failures="0" tests="1" name="testNGClasses.AccountTab" time="10.642" errors="0" timestamp="2021-08-12T14:27:34 UYT" skipped="0">
  <testcase classname="testNGClasses.AccountTab" name="parte6" time="10.642"/>
  <system-out/>
</testsuite> <!-- testNGClasses.AccountTab -->
