<?xml version="1.0" encoding="UTF-8"?>
<!-- Generated by org.testng.reporters.JUnitReportReporter -->
<testsuite hostname="Desktop-Gaston" failures="0" tests="1" name="testNGClasses.ServiceTab" time="51.444" errors="0" timestamp="2021-09-06T16:21:35 UYT" skipped="0">
  <testcase classname="testNGClasses.ServiceTab" name="parte1" time="51.444"/>
  <system-out/>
</testsuite> <!-- testNGClasses.ServiceTab -->
