<?xml version="1.0" encoding="UTF-8"?>
<!-- Generated by org.testng.reporters.JUnitReportReporter -->
<testsuite hostname="Desktop-Gaston" failures="0" tests="1" name="testNGClasses.NavigateBetweenTabs" time="93.629" errors="0" timestamp="2021-08-12T12:32:27 UYT" skipped="0">
  <testcase classname="testNGClasses.NavigateBetweenTabs" name="navigate" time="93.629"/>
  <system-out/>
</testsuite> <!-- testNGClasses.NavigateBetweenTabs -->
