<?xml version="1.0" encoding="UTF-8"?>
<!-- Generated by org.testng.reporters.JUnitReportReporter -->
<testsuite hostname="Desktop-Gaston" failures="0" tests="1" name="userStoriesTestNG.homeTab" time="9.040" errors="0" timestamp="2021-08-24T14:30:28 UYT" skipped="0">
  <testcase classname="userStoriesTestNG.homeTab" name="userStorie01" time="9.040"/>
  <system-out/>
</testsuite> <!-- userStoriesTestNG.homeTab -->
