<?xml version="1.0" encoding="UTF-8"?>
<!-- Generated by org.testng.reporters.JUnitReportReporter -->
<testsuite hostname="Desktop-Gaston" failures="0" tests="1" name="testNGClasses.ContactTab" time="32.936" errors="0" timestamp="2021-08-12T13:25:51 UYT" skipped="0">
  <testcase classname="testNGClasses.ContactTab" name="parte4" time="32.936"/>
  <system-out/>
</testsuite> <!-- testNGClasses.ContactTab -->
